This is pdfTeX, Version 3.14159265-2.6-1.40.21 (MiKTeX 20.11) (preloaded format=pdflatex 2020.12.4)  3 MAY 2023 01:13
entering extended mode
**./Background_section.tex
(Background_section.tex
LaTeX2e <2020-10-01> patch level 2
L3 programming layer <2020-10-27> xparse <2020-03-03>
(C:\Users\sfree\AppData\Local\Programs\MiKTeX\tex/latex/base\article.cls
Document Class: article 2020/04/10 v1.4m Standard LaTeX document class
(C:\Users\sfree\AppData\Local\Programs\MiKTeX\tex/latex/base\size11.clo
File: size11.clo 2020/04/10 v1.4m Standard LaTeX file (size option)
)
\c@part=\count175
\c@section=\count176
\c@subsection=\count177
\c@subsubsection=\count178
\c@paragraph=\count179
\c@subparagraph=\count180
\c@figure=\count181
\c@table=\count182
\abovecaptionskip=\skip47
\belowcaptionskip=\skip48
\bibindent=\dimen138
)
(C:\Users\sfree\AppData\Local\Programs\MiKTeX\tex/latex/float\float.sty
Package: float 2001/11/08 v1.3d Float enhancements (AL)
\c@float@type=\count183
\float@exts=\toks15
\float@box=\box47
\@float@everytoks=\toks16
\@floatcapt=\box48
)
(C:\Users\sfree\AppData\Local\Programs\MiKTeX\tex/latex/l3backend\l3backend-pdf
tex.def
File: l3backend-pdftex.def 2020-09-24 L3 backend support: PDF output (pdfTeX)
\l__kernel_color_stack_int=\count184
\l__pdf_internal_box=\box49
) (Background_section.aux)
\openout1 = `Background_section.aux'.

LaTeX Font Info:    Checking defaults for OML/cmm/m/it on input line 12.
LaTeX Font Info:    ... okay on input line 12.
LaTeX Font Info:    Checking defaults for OMS/cmsy/m/n on input line 12.
LaTeX Font Info:    ... okay on input line 12.
LaTeX Font Info:    Checking defaults for OT1/cmr/m/n on input line 12.
LaTeX Font Info:    ... okay on input line 12.
LaTeX Font Info:    Checking defaults for T1/cmr/m/n on input line 12.
LaTeX Font Info:    ... okay on input line 12.
LaTeX Font Info:    Checking defaults for TS1/cmr/m/n on input line 12.
LaTeX Font Info:    ... okay on input line 12.
LaTeX Font Info:    Checking defaults for OMX/cmex/m/n on input line 12.
LaTeX Font Info:    ... okay on input line 12.
LaTeX Font Info:    Checking defaults for U/cmr/m/n on input line 12.
LaTeX Font Info:    ... okay on input line 12.

Underfull \hbox (badness 10000) in paragraph at lines 18--22

 []


Underfull \hbox (badness 10000) in paragraph at lines 18--22

 []


Underfull \hbox (badness 10000) in paragraph at lines 18--22

 []


Underfull \hbox (badness 10000) in paragraph at lines 18--22

 []

[1

{C:/Users/sfree/AppData/Local/MiKTeX/pdftex/config/pdftex.map}]
Underfull \hbox (badness 10000) in paragraph at lines 39--42

 []


Underfull \hbox (badness 10000) in paragraph at lines 39--42

 []


Underfull \hbox (badness 10000) in paragraph at lines 44--45

 []

[2] (Background_section.aux) ) 
Here is how much of TeX's memory you used:
 457 strings out of 479799
 8329 string characters out of 2869723
 280111 words of memory out of 3000000
 17523 multiletter control sequences out of 15000+200000
 536939 words of font info for 35 fonts, out of 3000000 for 9000
 1141 hyphenation exceptions out of 8191
 43i,4n,49p,878b,162s stack positions out of 5000i,500n,10000p,200000b,50000s
 <C:\Users\sfree\AppData\Local\MiKTeX\fonts/pk/lj
four/jknappen/ec/dpi600\tcrm1095.pk><C:/Users/sfree/AppData/Local/Programs/MiKT
eX/fonts/type1/public/amsfonts/cm/cmbx12.pfb><C:/Users/sfree/AppData/Local/Prog
rams/MiKTeX/fonts/type1/public/amsfonts/cm/cmr10.pfb>
Output written on Background_section.pdf (2 pages, 41549 bytes).
PDF statistics:
 22 PDF objects out of 1000 (max. 8388607)
 0 named destinations out of 1000 (max. 500000)
 1 words of extra memory for PDF output out of 10000 (max. 10000000)

